<?xml version="1.0" encoding="UTF-8" ?>
<testsuites errors="2"
            failures="1"
            tests="1">

  <testsuite name="firstTest"
    errors="2" failures="1" hostname="" id="" package="firstTest" skipped="0"
    tests="1" time="15.37" timestamp="">
  
    <testcase name="My first test case" classname="firstTest" time="15.37" assertions="19">

    

    

    

    

    

    

    

    

    

    

    

    

    

    

    

    

    

      <failure message="Testing if element &lt;input[name=&#34;oa_z_bic&#34;]&gt; is visible in 5000ms - expected &#34;is visible&#34; but got: &#34;element could not be located&#34; (12026ms)">    at Object.My first test case (C:\Users\Emil\Desktop\msh\backend\tests\firstTest.js:119:15)
    at processTicksAndRejections (internal/process/task_queues.js:97:5)</failure>

    
    <error message="Error while running &#34;visible&#34; command: Testing if element [0;33m&lt;input[name=&#34;oa_z_bic&#34;]&gt;[0m is visible in 5000ms - expected [0;32m&#34;is visible&#34;[0m but got: [0;31m&#34;element could not be located&#34;[0m [0;90m(12026ms)[0m" type="error"><![CDATA[
        at Object.My first test case (C:\Users\Emil\Desktop\msh\backend\tests\firstTest.js:119:15)
    at processTicksAndRejections (internal/process/task_queues.js:97:5)
    ]]></error>
    
    </testcase>
  

  
    <system-err>
        TimeoutError: An error occurred while running .setValue() command on &lt;input[name=&#34;oa_z_iban&#34;]&gt;:   (Session info: chrome=84.0.4147.105),  (Driver info: chromedriver=84.0.4147.30 (48b3e868b4cc0aa7e8149519690b6f6949e110a8-refs/branch-heads/4147@{#310}),platform=Windows NT 10.0.18363 x86_64); element not interactable
   {&#34;status&#34;:-1,&#34;state&#34;:&#34;&#34;,&#34;value&#34;:{&#34;message&#34;:&#34;element not interactable&#34;,&#34;error&#34;:[&#34;  (Session info: chrome=84.0.4147.105)&#34;,&#34;  (Driver info: chromedriver=84.0.4147.30 (48b3e868b4cc0aa7e8149519690b6f6949e110a8-refs/branch-heads/4147@{#310}),platform=Windows NT 10.0.18363 x86_64)&#34;]},&#34;errorStatus&#34;:60,&#34;error&#34;:&#34;element not interactable&#34;,&#34;httpStatusCode&#34;:200}
       at processTicksAndRejections (internal/process/task_queues.js:97:5)
  NoSuchElementError: An error occurred while running .isVisible() command on &lt;input[name=&#34;oa_z_bic&#34;]&gt;:   (Session info: chrome=84.0.4147.105),  (Driver info: chromedriver=84.0.4147.30 (48b3e868b4cc0aa7e8149519690b6f6949e110a8-refs/branch-heads/4147@{#310}),platform=Windows NT 10.0.18363 x86_64); chrome not reachable
   {&#34;status&#34;:-1,&#34;state&#34;:&#34;&#34;,&#34;value&#34;:{&#34;message&#34;:&#34;chrome not reachable&#34;,&#34;error&#34;:[&#34;  (Session info: chrome=84.0.4147.105)&#34;,&#34;  (Driver info: chromedriver=84.0.4147.30 (48b3e868b4cc0aa7e8149519690b6f6949e110a8-refs/branch-heads/4147@{#310}),platform=Windows NT 10.0.18363 x86_64)&#34;]},&#34;errorStatus&#34;:100,&#34;error&#34;:&#34;chrome not reachable&#34;,&#34;httpStatusCode&#34;:200}
       at processTicksAndRejections (internal/process/task_queues.js:97:5)
    </system-err>
  

    

  
  </testsuite>
</testsuites>
